<?xml version="1.0" encoding="UTF-8"?>
<!-- Generated by org.testng.reporters.JUnitXMLReporter -->
<testsuite hostname="WL362390" ignored="0" name="Test" tests="4" failures="0" timestamp="24 Aug 2021 06:22:46 GMT" time="24.499" errors="0">
  <testcase name="navigationBar" time="5.05" classname="Demo.E2EProject.NavigationBarTest"/>
  <testcase name="basePageNavigation" time="2.165" classname="Demo.E2EProject.HomePageTest"/>
  <testcase name="basePageNavigation" time="2.306" classname="Demo.E2EProject.HomePageTest"/>
  <testcase name="basePageNavigation" time="0.201" classname="Demo.E2EProject.ValidateTittleTest"/>
</testsuite> <!-- Test -->
